\BOOKMARK [1][-]{section.1}{Introduction}{}% 1
\BOOKMARK [1][-]{section.2}{Related Work}{}% 2
\BOOKMARK [2][-]{subsection.2.1}{D3 and other JavaScript libraries}{section.2}% 3
\BOOKMARK [2][-]{subsection.2.2}{Animated graphics libraries}{section.2}% 4
\BOOKMARK [2][-]{subsection.2.3}{Libraries based on the grammar of graphics}{section.2}% 5
\BOOKMARK [2][-]{subsection.2.4}{Other systems with interactive selection}{section.2}% 6
\BOOKMARK [1][-]{section.3}{The Animint system}{}% 7
\BOOKMARK [2][-]{subsection.3.1}{The Animint grammar for interactive animations}{section.3}% 8
\BOOKMARK [2][-]{subsection.3.2}{User interaction}{section.3}% 9
\BOOKMARK [2][-]{subsection.3.3}{Implementation details}{section.3}% 10
\BOOKMARK [1][-]{section.4}{Results and comparison study on World Bank data}{}% 11
\BOOKMARK [2][-]{subsection.4.1}{R package animation}{section.4}% 12
\BOOKMARK [2][-]{subsection.4.2}{Client-server systems like ggvis/shiny}{section.4}% 13
\BOOKMARK [2][-]{subsection.4.3}{Tableau}{section.4}% 14
\BOOKMARK [1][-]{section.5}{Example applications}{}% 15
\BOOKMARK [2][-]{subsection.5.1}{Animated examples}{section.5}% 16
\BOOKMARK [2][-]{subsection.5.2}{Non-animated examples}{section.5}% 17
\BOOKMARK [1][-]{section.6}{User feedback and observations}{}% 18
\BOOKMARK [2][-]{subsection.6.1}{Designer perspective}{section.6}% 19
\BOOKMARK [2][-]{subsection.6.2}{User perspective}{section.6}% 20
\BOOKMARK [1][-]{section.7}{Limitations and future work}{}% 21
\BOOKMARK [2][-]{subsection.7.1}{Limitations of current implementation}{section.7}% 22
\BOOKMARK [2][-]{subsection.7.2}{Limitations of clickSelects/showSelected keywords}{section.7}% 23
